2023-07-31 14:47:28,710 [Worker-6: Loading available Gradle versions] INFO  o.e.b.c.i.u.g.PublishedGradleVersions - Gradle version information cache is up-to-date. Trying to read.
2023-07-31 14:47:57,128 [Worker-2: Importing Maven projects] INFO  o.e.m.c.i.l.LifecycleMappingFactory - Using org.eclipse.m2e.jdt.JarLifecycleMapping lifecycle mapping for MavenProject: com.med.vol:api:0.0.1-SNAPSHOT @ C:\Users\guilherme.martins\Downloads\api\api\pom.xml.
2023-07-31 14:47:57,710 [Worker-2: Importing Maven projects] INFO  o.e.m.c.i.e.AbstractTransferListenerAdapter - Downloading https://repo.maven.apache.org/maven2/org/springframework/boot/spring-boot-devtools/3.1.2/spring-boot-devtools-3.1.2.pom
2023-07-31 14:47:57,804 [Worker-2: Importing Maven projects] INFO  o.e.m.c.i.e.AbstractTransferListenerAdapter - Downloaded https://repo.maven.apache.org/maven2/org/springframework/boot/spring-boot-devtools/3.1.2/spring-boot-devtools-3.1.2.pom
2023-07-31 14:47:57,915 [Worker-2: Importing Maven projects] INFO  o.e.m.c.i.e.AbstractTransferListenerAdapter - Downloading https://repo.maven.apache.org/maven2/org/springframework/boot/spring-boot-devtools/3.1.2/spring-boot-devtools-3.1.2.jar
2023-07-31 14:47:58,139 [Worker-2: Importing Maven projects] INFO  o.e.m.c.i.e.AbstractTransferListenerAdapter - Downloaded https://repo.maven.apache.org/maven2/org/springframework/boot/spring-boot-devtools/3.1.2/spring-boot-devtools-3.1.2.jar
2023-07-31 14:47:58,875 [Worker-2: Importing Maven projects] INFO  o.e.m.j.i.AbstractJavaProjectConfigurator - Adding source folder /api/src/main/java
2023-07-31 14:47:58,875 [Worker-2: Importing Maven projects] INFO  o.e.m.j.i.AbstractJavaProjectConfigurator - Adding resource folder /api/src/main/resources
2023-07-31 14:47:58,878 [Worker-2: Importing Maven projects] INFO  o.e.m.j.i.AbstractJavaProjectConfigurator - Adding resource folder /api/src/main/resources
2023-07-31 14:47:58,882 [Worker-2: Importing Maven projects] INFO  o.e.m.j.i.AbstractJavaProjectConfigurator - Adding source folder /api/src/test/java
2023-07-31 14:47:59,976 [Worker-10: Download sources and javadoc] INFO  o.e.m.c.i.e.AbstractTransferListenerAdapter - Downloading https://repo.maven.apache.org/maven2/org/springframework/boot/spring-boot-devtools/3.1.2/spring-boot-devtools-3.1.2-sources.jar
2023-07-31 14:48:00,055 [Worker-10: Download sources and javadoc] INFO  o.e.m.c.i.e.AbstractTransferListenerAdapter - Downloaded https://repo.maven.apache.org/maven2/org/springframework/boot/spring-boot-devtools/3.1.2/spring-boot-devtools-3.1.2-sources.jar
2023-07-31 14:48:00,058 [Worker-10: Download sources and javadoc] INFO  o.e.m.j.internal.DownloadSourcesJob - Downloaded sources for org.springframework.boot:spring-boot-devtools:3.1.2
2023-07-31 14:48:00,415 [Worker-2: Importing Maven projects] INFO  o.e.m.c.i.p.ProjectConfigurationManager - Imported and configured 1 project(s) in 4 sec
2023-08-01 09:22:56,297 [Worker-6: Loading available Gradle versions] INFO  o.e.b.c.i.u.g.PublishedGradleVersions - Gradle version information cache is out-of-date. Trying to update.
2023-08-01 09:24:11,521 [Worker-4: Building] INFO  o.a.m.s.f.DefaultMavenResourcesFiltering - Copying 1 resource from src\main\resources to target\classes
2023-08-01 09:24:11,555 [Worker-4: Building] INFO  o.a.m.s.f.DefaultMavenResourcesFiltering - Copying 0 resource from src\main\resources to target\classes
2023-08-01 09:24:11,559 [Worker-4: Building] INFO  o.a.m.s.f.DefaultMavenResourcesFiltering - skip non existing resourceDirectory C:\Users\guilherme.martins\Downloads\api\api\src\test\resources
2023-08-01 09:24:43,948 [Worker-0: Building] INFO  o.a.m.s.f.DefaultMavenResourcesFiltering - Copying 1 resource from src\main\resources to target\classes
2023-08-01 09:24:43,959 [Worker-0: Building] INFO  o.a.m.s.f.DefaultMavenResourcesFiltering - Copying 0 resource from src\main\resources to target\classes
2023-08-01 09:24:43,964 [Worker-0: Building] INFO  o.a.m.s.f.DefaultMavenResourcesFiltering - skip non existing resourceDirectory C:\Users\guilherme.martins\Downloads\api\api\src\test\resources
2023-08-01 09:26:29,649 [Worker-9: Building] INFO  o.a.m.s.f.DefaultMavenResourcesFiltering - Copying 1 resource from src\main\resources to target\classes
2023-08-01 09:26:29,654 [Worker-9: Building] INFO  o.a.m.s.f.DefaultMavenResourcesFiltering - Copying 0 resource from src\main\resources to target\classes
2023-08-01 09:26:29,658 [Worker-9: Building] INFO  o.a.m.s.f.DefaultMavenResourcesFiltering - skip non existing resourceDirectory C:\Users\guilherme.martins\Downloads\api\api\src\test\resources
2023-08-01 09:26:44,079 [Worker-11: Building] INFO  o.a.m.s.f.DefaultMavenResourcesFiltering - Copying 1 resource from src\main\resources to target\classes
2023-08-01 09:26:44,086 [Worker-11: Building] INFO  o.a.m.s.f.DefaultMavenResourcesFiltering - Copying 0 resource from src\main\resources to target\classes
2023-08-01 09:26:44,091 [Worker-11: Building] INFO  o.a.m.s.f.DefaultMavenResourcesFiltering - skip non existing resourceDirectory C:\Users\guilherme.martins\Downloads\api\api\src\test\resources
2023-08-01 09:27:10,986 [Worker-6: Building] INFO  o.a.m.s.f.DefaultMavenResourcesFiltering - Copying 1 resource from src\main\resources to target\classes
2023-08-01 09:27:10,990 [Worker-6: Building] INFO  o.a.m.s.f.DefaultMavenResourcesFiltering - Copying 0 resource from src\main\resources to target\classes
2023-08-01 09:27:10,993 [Worker-6: Building] INFO  o.a.m.s.f.DefaultMavenResourcesFiltering - skip non existing resourceDirectory C:\Users\guilherme.martins\Downloads\api\api\src\test\resources
2023-08-01 09:27:14,537 [Worker-5: Building] INFO  o.a.m.s.f.DefaultMavenResourcesFiltering - Copying 1 resource from src\main\resources to target\classes
2023-08-01 09:27:14,554 [Worker-5: Building] INFO  o.a.m.s.f.DefaultMavenResourcesFiltering - Copying 0 resource from src\main\resources to target\classes
2023-08-01 09:27:14,557 [Worker-5: Building] INFO  o.a.m.s.f.DefaultMavenResourcesFiltering - skip non existing resourceDirectory C:\Users\guilherme.martins\Downloads\api\api\src\test\resources
2023-08-01 09:28:41,518 [Worker-10: Building] INFO  o.a.m.s.f.DefaultMavenResourcesFiltering - Copying 1 resource from src\main\resources to target\classes
2023-08-01 09:28:41,521 [Worker-10: Building] INFO  o.a.m.s.f.DefaultMavenResourcesFiltering - Copying 0 resource from src\main\resources to target\classes
2023-08-01 09:28:41,523 [Worker-10: Building] INFO  o.a.m.s.f.DefaultMavenResourcesFiltering - skip non existing resourceDirectory C:\Users\guilherme.martins\Downloads\api\api\src\test\resources
2023-08-01 09:31:15,092 [Worker-8: Building] INFO  o.a.m.s.f.DefaultMavenResourcesFiltering - Copying 1 resource from src\main\resources to target\classes
2023-08-01 09:31:15,099 [Worker-8: Building] INFO  o.a.m.s.f.DefaultMavenResourcesFiltering - Copying 0 resource from src\main\resources to target\classes
2023-08-01 09:31:15,107 [Worker-8: Building] INFO  o.a.m.s.f.DefaultMavenResourcesFiltering - skip non existing resourceDirectory C:\Users\guilherme.martins\Downloads\api\api\src\test\resources
2023-08-01 09:33:13,020 [Worker-14: Building] INFO  o.a.m.s.f.DefaultMavenResourcesFiltering - Copying 1 resource from src\main\resources to target\classes
2023-08-01 09:33:13,025 [Worker-14: Building] INFO  o.a.m.s.f.DefaultMavenResourcesFiltering - Copying 0 resource from src\main\resources to target\classes
2023-08-01 09:33:13,040 [Worker-14: Building] INFO  o.a.m.s.f.DefaultMavenResourcesFiltering - skip non existing resourceDirectory C:\Users\guilherme.martins\Downloads\api\api\src\test\resources
2023-08-01 09:33:22,759 [Worker-19: Building] INFO  o.a.m.s.f.DefaultMavenResourcesFiltering - Copying 1 resource from src\main\resources to target\classes
2023-08-01 09:33:22,765 [Worker-19: Building] INFO  o.a.m.s.f.DefaultMavenResourcesFiltering - Copying 0 resource from src\main\resources to target\classes
2023-08-01 09:33:22,770 [Worker-19: Building] INFO  o.a.m.s.f.DefaultMavenResourcesFiltering - skip non existing resourceDirectory C:\Users\guilherme.martins\Downloads\api\api\src\test\resources
2023-08-01 09:33:31,418 [Worker-8: Building] INFO  o.a.m.s.f.DefaultMavenResourcesFiltering - Copying 1 resource from src\main\resources to target\classes
2023-08-01 09:33:31,421 [Worker-8: Building] INFO  o.a.m.s.f.DefaultMavenResourcesFiltering - Copying 0 resource from src\main\resources to target\classes
2023-08-01 09:33:31,424 [Worker-8: Building] INFO  o.a.m.s.f.DefaultMavenResourcesFiltering - skip non existing resourceDirectory C:\Users\guilherme.martins\Downloads\api\api\src\test\resources
2023-08-01 09:41:58,685 [Worker-14: Building] INFO  o.a.m.s.f.DefaultMavenResourcesFiltering - Copying 1 resource from src\main\resources to target\classes
2023-08-01 09:41:58,693 [Worker-14: Building] INFO  o.a.m.s.f.DefaultMavenResourcesFiltering - Copying 0 resource from src\main\resources to target\classes
2023-08-01 09:41:58,717 [Worker-14: Building] INFO  o.a.m.s.f.DefaultMavenResourcesFiltering - skip non existing resourceDirectory C:\Users\guilherme.martins\Downloads\api\api\src\test\resources
2023-08-01 09:42:26,403 [Worker-17: Building] INFO  o.a.m.s.f.DefaultMavenResourcesFiltering - Copying 1 resource from src\main\resources to target\classes
2023-08-01 09:42:26,410 [Worker-17: Building] INFO  o.a.m.s.f.DefaultMavenResourcesFiltering - Copying 0 resource from src\main\resources to target\classes
2023-08-01 09:42:26,412 [Worker-17: Building] INFO  o.a.m.s.f.DefaultMavenResourcesFiltering - skip non existing resourceDirectory C:\Users\guilherme.martins\Downloads\api\api\src\test\resources
2023-08-01 09:42:37,592 [Worker-20: Building] INFO  o.a.m.s.f.DefaultMavenResourcesFiltering - Copying 1 resource from src\main\resources to target\classes
2023-08-01 09:42:37,597 [Worker-20: Building] INFO  o.a.m.s.f.DefaultMavenResourcesFiltering - Copying 0 resource from src\main\resources to target\classes
2023-08-01 09:42:37,601 [Worker-20: Building] INFO  o.a.m.s.f.DefaultMavenResourcesFiltering - skip non existing resourceDirectory C:\Users\guilherme.martins\Downloads\api\api\src\test\resources
2023-08-01 09:43:55,155 [Worker-23: Building] INFO  o.a.m.s.f.DefaultMavenResourcesFiltering - Copying 1 resource from src\main\resources to target\classes
2023-08-01 09:43:55,158 [Worker-23: Building] INFO  o.a.m.s.f.DefaultMavenResourcesFiltering - Copying 0 resource from src\main\resources to target\classes
2023-08-01 09:43:55,160 [Worker-23: Building] INFO  o.a.m.s.f.DefaultMavenResourcesFiltering - skip non existing resourceDirectory C:\Users\guilherme.martins\Downloads\api\api\src\test\resources
2023-08-01 09:44:23,601 [Worker-23: Building] INFO  o.a.m.s.f.DefaultMavenResourcesFiltering - Copying 1 resource from src\main\resources to target\classes
2023-08-01 09:44:23,605 [Worker-23: Building] INFO  o.a.m.s.f.DefaultMavenResourcesFiltering - Copying 0 resource from src\main\resources to target\classes
2023-08-01 09:44:23,611 [Worker-23: Building] INFO  o.a.m.s.f.DefaultMavenResourcesFiltering - skip non existing resourceDirectory C:\Users\guilherme.martins\Downloads\api\api\src\test\resources
2023-08-01 09:44:25,711 [Worker-23: Building] INFO  o.a.m.s.f.DefaultMavenResourcesFiltering - Copying 1 resource from src\main\resources to target\classes
2023-08-01 09:44:25,720 [Worker-23: Building] INFO  o.a.m.s.f.DefaultMavenResourcesFiltering - Copying 0 resource from src\main\resources to target\classes
2023-08-01 09:44:25,724 [Worker-23: Building] INFO  o.a.m.s.f.DefaultMavenResourcesFiltering - skip non existing resourceDirectory C:\Users\guilherme.martins\Downloads\api\api\src\test\resources
2023-08-01 09:46:40,036 [Worker-14: Building] INFO  o.a.m.s.f.DefaultMavenResourcesFiltering - Copying 1 resource from src\main\resources to target\classes
2023-08-01 09:46:40,047 [Worker-14: Building] INFO  o.a.m.s.f.DefaultMavenResourcesFiltering - Copying 0 resource from src\main\resources to target\classes
2023-08-01 09:46:40,051 [Worker-14: Building] INFO  o.a.m.s.f.DefaultMavenResourcesFiltering - skip non existing resourceDirectory C:\Users\guilherme.martins\Downloads\api\api\src\test\resources
2023-08-01 09:46:46,801 [Worker-22: Building] INFO  o.a.m.s.f.DefaultMavenResourcesFiltering - Copying 1 resource from src\main\resources to target\classes
2023-08-01 09:46:46,805 [Worker-22: Building] INFO  o.a.m.s.f.DefaultMavenResourcesFiltering - Copying 0 resource from src\main\resources to target\classes
2023-08-01 09:46:46,808 [Worker-22: Building] INFO  o.a.m.s.f.DefaultMavenResourcesFiltering - skip non existing resourceDirectory C:\Users\guilherme.martins\Downloads\api\api\src\test\resources
2023-08-01 09:47:49,668 [Worker-14: Building] INFO  o.a.m.s.f.DefaultMavenResourcesFiltering - Copying 1 resource from src\main\resources to target\classes
2023-08-01 09:47:49,671 [Worker-14: Building] INFO  o.a.m.s.f.DefaultMavenResourcesFiltering - Copying 0 resource from src\main\resources to target\classes
2023-08-01 09:47:49,674 [Worker-14: Building] INFO  o.a.m.s.f.DefaultMavenResourcesFiltering - skip non existing resourceDirectory C:\Users\guilherme.martins\Downloads\api\api\src\test\resources
2023-08-01 09:47:51,532 [Worker-14: Building] INFO  o.a.m.s.f.DefaultMavenResourcesFiltering - Copying 1 resource from src\main\resources to target\classes
2023-08-01 09:47:51,535 [Worker-14: Building] INFO  o.a.m.s.f.DefaultMavenResourcesFiltering - Copying 0 resource from src\main\resources to target\classes
2023-08-01 09:47:51,537 [Worker-14: Building] INFO  o.a.m.s.f.DefaultMavenResourcesFiltering - skip non existing resourceDirectory C:\Users\guilherme.martins\Downloads\api\api\src\test\resources
2023-08-01 09:48:05,790 [Worker-20: Building] INFO  o.a.m.s.f.DefaultMavenResourcesFiltering - Copying 1 resource from src\main\resources to target\classes
2023-08-01 09:48:05,822 [Worker-20: Building] INFO  o.a.m.s.f.DefaultMavenResourcesFiltering - Copying 0 resource from src\main\resources to target\classes
2023-08-01 09:48:05,825 [Worker-20: Building] INFO  o.a.m.s.f.DefaultMavenResourcesFiltering - skip non existing resourceDirectory C:\Users\guilherme.martins\Downloads\api\api\src\test\resources
2023-08-01 09:48:17,509 [Worker-22: Building] INFO  o.a.m.s.f.DefaultMavenResourcesFiltering - Copying 1 resource from src\main\resources to target\classes
2023-08-01 09:48:17,513 [Worker-22: Building] INFO  o.a.m.s.f.DefaultMavenResourcesFiltering - Copying 0 resource from src\main\resources to target\classes
2023-08-01 09:48:17,517 [Worker-22: Building] INFO  o.a.m.s.f.DefaultMavenResourcesFiltering - skip non existing resourceDirectory C:\Users\guilherme.martins\Downloads\api\api\src\test\resources
2023-08-01 09:48:50,716 [Worker-23: Building] INFO  o.a.m.s.f.DefaultMavenResourcesFiltering - Copying 1 resource from src\main\resources to target\classes
2023-08-01 09:48:50,719 [Worker-23: Building] INFO  o.a.m.s.f.DefaultMavenResourcesFiltering - Copying 0 resource from src\main\resources to target\classes
2023-08-01 09:48:50,722 [Worker-23: Building] INFO  o.a.m.s.f.DefaultMavenResourcesFiltering - skip non existing resourceDirectory C:\Users\guilherme.martins\Downloads\api\api\src\test\resources
2023-08-01 09:49:44,947 [Worker-21: Building] INFO  o.a.m.s.f.DefaultMavenResourcesFiltering - Copying 1 resource from src\main\resources to target\classes
2023-08-01 09:49:44,951 [Worker-21: Building] INFO  o.a.m.s.f.DefaultMavenResourcesFiltering - Copying 0 resource from src\main\resources to target\classes
2023-08-01 09:49:44,954 [Worker-21: Building] INFO  o.a.m.s.f.DefaultMavenResourcesFiltering - skip non existing resourceDirectory C:\Users\guilherme.martins\Downloads\api\api\src\test\resources
2023-08-01 13:31:40,023 [Worker-29: Updating Maven Project] INFO  o.e.m.c.i.p.ProjectConfigurationManager - Update started
2023-08-01 13:31:40,533 [Worker-29: Updating Maven Project] INFO  o.e.m.c.i.l.LifecycleMappingFactory - Using org.eclipse.m2e.jdt.JarLifecycleMapping lifecycle mapping for MavenProject: com.med.vol:api:0.0.1-SNAPSHOT @ C:\Users\guilherme.martins\Downloads\api\api\pom.xml.
2023-08-01 13:31:40,862 [Worker-29: Updating Maven Project] INFO  o.e.m.j.i.AbstractJavaProjectConfigurator - Adding source folder /api/src/main/java
2023-08-01 13:31:40,863 [Worker-29: Updating Maven Project] INFO  o.e.m.j.i.AbstractJavaProjectConfigurator - Adding resource folder /api/src/main/resources
2023-08-01 13:31:40,863 [Worker-29: Updating Maven Project] INFO  o.e.m.j.i.AbstractJavaProjectConfigurator - Adding resource folder /api/src/main/resources
2023-08-01 13:31:40,864 [Worker-29: Updating Maven Project] INFO  o.e.m.j.i.AbstractJavaProjectConfigurator - Adding source folder /api/src/test/java
2023-08-01 13:31:41,138 [Worker-29: Updating Maven Project] INFO  o.e.m.c.i.p.ProjectConfigurationManager - Update completed for 1 poms: local refresh takes 0,00 sec, refresh facades takes 0,00 sec, update config takes 0,00 sec 
2023-08-01 13:33:48,336 [Worker-11: Building] INFO  o.e.m.c.i.l.LifecycleMappingFactory - Using org.eclipse.m2e.jdt.JarLifecycleMapping lifecycle mapping for MavenProject: com.med.vol:api:0.0.1-SNAPSHOT @ C:\Users\guilherme.martins\Downloads\api\api\pom.xml.
2023-08-01 13:33:48,756 [Worker-11: Building] INFO  o.a.m.s.f.DefaultMavenResourcesFiltering - Copying 0 resource from src\main\resources to target\classes
2023-08-01 13:33:48,756 [Worker-11: Building] INFO  o.a.m.s.f.DefaultMavenResourcesFiltering - Copying 0 resource from src\main\resources to target\classes
2023-08-01 13:33:48,760 [Worker-11: Building] INFO  o.a.m.s.f.DefaultMavenResourcesFiltering - skip non existing resourceDirectory C:\Users\guilherme.martins\Downloads\api\api\src\test\resources
2023-08-01 13:33:49,923 [Worker-32: Download sources and javadoc] INFO  o.e.m.c.i.e.AbstractTransferListenerAdapter - Downloading https://repo.maven.apache.org/maven2/org/springframework/boot/spring-boot-starter-validation/3.1.2/spring-boot-starter-validation-3.1.2-sources.jar
2023-08-01 13:33:49,967 [Worker-32: Download sources and javadoc] INFO  o.e.m.c.i.e.AbstractTransferListenerAdapter - Downloaded https://repo.maven.apache.org/maven2/org/springframework/boot/spring-boot-starter-validation/3.1.2/spring-boot-starter-validation-3.1.2-sources.jar
2023-08-01 13:33:49,970 [Worker-32: Download sources and javadoc] INFO  o.e.m.j.internal.DownloadSourcesJob - Downloaded sources for org.springframework.boot:spring-boot-starter-validation:3.1.2
2023-08-01 13:33:50,043 [Worker-35: Building] INFO  o.a.m.s.f.DefaultMavenResourcesFiltering - Copying 1 resource from src\main\resources to target\classes
2023-08-01 13:33:50,076 [Worker-35: Building] INFO  o.a.m.s.f.DefaultMavenResourcesFiltering - Copying 0 resource from src\main\resources to target\classes
2023-08-01 13:33:50,079 [Worker-35: Building] INFO  o.a.m.s.f.DefaultMavenResourcesFiltering - skip non existing resourceDirectory C:\Users\guilherme.martins\Downloads\api\api\src\test\resources
2023-08-01 13:33:50,101 [Worker-32: Download sources and javadoc] INFO  o.e.m.c.i.e.AbstractTransferListenerAdapter - Downloading https://repo.maven.apache.org/maven2/org/hibernate/validator/hibernate-validator/8.0.1.Final/hibernate-validator-8.0.1.Final-sources.jar
2023-08-01 13:33:50,284 [Worker-32: Download sources and javadoc] INFO  o.e.m.c.i.e.AbstractTransferListenerAdapter - Downloaded https://repo.maven.apache.org/maven2/org/hibernate/validator/hibernate-validator/8.0.1.Final/hibernate-validator-8.0.1.Final-sources.jar
2023-08-01 13:33:50,286 [Worker-32: Download sources and javadoc] INFO  o.e.m.j.internal.DownloadSourcesJob - Downloaded sources for org.hibernate.validator:hibernate-validator:8.0.1.Final
2023-08-01 13:33:50,385 [Worker-32: Download sources and javadoc] INFO  o.e.m.c.i.e.AbstractTransferListenerAdapter - Downloading https://repo.maven.apache.org/maven2/org/flywaydb/flyway-core/9.16.3/flyway-core-9.16.3-sources.jar
2023-08-01 13:33:50,537 [Worker-32: Download sources and javadoc] INFO  o.e.m.c.i.e.AbstractTransferListenerAdapter - Downloaded https://repo.maven.apache.org/maven2/org/flywaydb/flyway-core/9.16.3/flyway-core-9.16.3-sources.jar
2023-08-01 13:33:50,538 [Worker-32: Download sources and javadoc] INFO  o.e.m.j.internal.DownloadSourcesJob - Downloaded sources for org.flywaydb:flyway-core:9.16.3
2023-08-01 13:33:50,647 [Worker-32: Download sources and javadoc] INFO  o.e.m.c.i.e.AbstractTransferListenerAdapter - Downloading https://repo.maven.apache.org/maven2/com/fasterxml/jackson/dataformat/jackson-dataformat-toml/2.15.2/jackson-dataformat-toml-2.15.2-sources.jar
2023-08-01 13:33:50,697 [Worker-32: Download sources and javadoc] INFO  o.e.m.c.i.e.AbstractTransferListenerAdapter - Downloaded https://repo.maven.apache.org/maven2/com/fasterxml/jackson/dataformat/jackson-dataformat-toml/2.15.2/jackson-dataformat-toml-2.15.2-sources.jar
2023-08-01 13:33:50,699 [Worker-32: Download sources and javadoc] INFO  o.e.m.j.internal.DownloadSourcesJob - Downloaded sources for com.fasterxml.jackson.dataformat:jackson-dataformat-toml:2.15.2
2023-08-01 13:33:50,882 [Worker-32: Download sources and javadoc] INFO  o.e.m.c.i.e.AbstractTransferListenerAdapter - Downloading https://repo.maven.apache.org/maven2/org/apache/commons/commons-text/1.10.0/commons-text-1.10.0-sources.jar
2023-08-01 13:33:50,976 [Worker-32: Download sources and javadoc] INFO  o.e.m.c.i.e.AbstractTransferListenerAdapter - Downloaded https://repo.maven.apache.org/maven2/org/apache/commons/commons-text/1.10.0/commons-text-1.10.0-sources.jar
2023-08-01 13:33:50,977 [Worker-32: Download sources and javadoc] INFO  o.e.m.j.internal.DownloadSourcesJob - Downloaded sources for org.apache.commons:commons-text:1.10.0
2023-08-01 13:33:51,110 [Worker-32: Download sources and javadoc] INFO  o.e.m.c.i.e.AbstractTransferListenerAdapter - Downloading https://repo.maven.apache.org/maven2/org/flywaydb/flyway-mysql/9.16.3/flyway-mysql-9.16.3-sources.jar
2023-08-01 13:33:51,161 [Worker-32: Download sources and javadoc] INFO  o.e.m.c.i.e.AbstractTransferListenerAdapter - Downloaded https://repo.maven.apache.org/maven2/org/flywaydb/flyway-mysql/9.16.3/flyway-mysql-9.16.3-sources.jar
2023-08-01 13:33:51,163 [Worker-32: Download sources and javadoc] INFO  o.e.m.j.internal.DownloadSourcesJob - Downloaded sources for org.flywaydb:flyway-mysql:9.16.3
2023-08-01 13:33:51,275 [Worker-32: Download sources and javadoc] INFO  o.e.m.c.i.e.AbstractTransferListenerAdapter - Downloading https://repo.maven.apache.org/maven2/com/mysql/mysql-connector-j/8.0.33/mysql-connector-j-8.0.33-sources.jar
2023-08-01 13:33:51,447 [Worker-32: Download sources and javadoc] INFO  o.e.m.c.i.e.AbstractTransferListenerAdapter - Downloaded https://repo.maven.apache.org/maven2/com/mysql/mysql-connector-j/8.0.33/mysql-connector-j-8.0.33-sources.jar
2023-08-01 13:33:51,448 [Worker-32: Download sources and javadoc] INFO  o.e.m.j.internal.DownloadSourcesJob - Downloaded sources for com.mysql:mysql-connector-j:8.0.33
2023-08-01 13:33:51,670 [Worker-35: Building] INFO  o.a.m.s.f.DefaultMavenResourcesFiltering - Copying 0 resource from src\main\resources to target\classes
2023-08-01 13:33:51,670 [Worker-35: Building] INFO  o.a.m.s.f.DefaultMavenResourcesFiltering - Copying 0 resource from src\main\resources to target\classes
2023-08-01 13:33:51,672 [Worker-35: Building] INFO  o.a.m.s.f.DefaultMavenResourcesFiltering - skip non existing resourceDirectory C:\Users\guilherme.martins\Downloads\api\api\src\test\resources
2023-08-01 13:33:53,666 [Worker-11: Updating Maven Project] INFO  o.e.m.c.i.p.ProjectConfigurationManager - Update started
2023-08-01 13:33:53,787 [Worker-11: Updating Maven Project] INFO  o.e.m.c.i.l.LifecycleMappingFactory - Using org.eclipse.m2e.jdt.JarLifecycleMapping lifecycle mapping for MavenProject: com.med.vol:api:0.0.1-SNAPSHOT @ C:\Users\guilherme.martins\Downloads\api\api\pom.xml.
2023-08-01 13:33:54,105 [Worker-11: Updating Maven Project] INFO  o.e.m.j.i.AbstractJavaProjectConfigurator - Adding source folder /api/src/main/java
2023-08-01 13:33:54,105 [Worker-11: Updating Maven Project] INFO  o.e.m.j.i.AbstractJavaProjectConfigurator - Adding resource folder /api/src/main/resources
2023-08-01 13:33:54,106 [Worker-11: Updating Maven Project] INFO  o.e.m.j.i.AbstractJavaProjectConfigurator - Adding resource folder /api/src/main/resources
2023-08-01 13:33:54,106 [Worker-11: Updating Maven Project] INFO  o.e.m.j.i.AbstractJavaProjectConfigurator - Adding source folder /api/src/test/java
2023-08-01 13:33:54,332 [Worker-11: Updating Maven Project] INFO  o.e.m.c.i.p.ProjectConfigurationManager - Update completed for 1 poms: local refresh takes 0,00 sec, refresh facades takes 0,00 sec, update config takes 0,00 sec 
2023-08-01 13:39:17,833 [Worker-33: Building] INFO  o.e.m.c.i.l.LifecycleMappingFactory - Using org.eclipse.m2e.jdt.JarLifecycleMapping lifecycle mapping for MavenProject: com.med.vol:api:0.0.1-SNAPSHOT @ C:\Users\guilherme.martins\Downloads\api\api\pom.xml.
2023-08-01 13:39:18,210 [Worker-33: Building] INFO  o.a.m.s.f.DefaultMavenResourcesFiltering - Copying 0 resource from src\main\resources to target\classes
2023-08-01 13:39:18,210 [Worker-33: Building] INFO  o.a.m.s.f.DefaultMavenResourcesFiltering - Copying 0 resource from src\main\resources to target\classes
2023-08-01 13:39:18,212 [Worker-33: Building] INFO  o.a.m.s.f.DefaultMavenResourcesFiltering - skip non existing resourceDirectory C:\Users\guilherme.martins\Downloads\api\api\src\test\resources
2023-08-01 13:39:19,672 [Worker-42: Building] INFO  o.a.m.s.f.DefaultMavenResourcesFiltering - Copying 1 resource from src\main\resources to target\classes
2023-08-01 13:39:19,692 [Worker-42: Building] INFO  o.a.m.s.f.DefaultMavenResourcesFiltering - Copying 0 resource from src\main\resources to target\classes
2023-08-01 13:39:19,694 [Worker-42: Building] INFO  o.a.m.s.f.DefaultMavenResourcesFiltering - skip non existing resourceDirectory C:\Users\guilherme.martins\Downloads\api\api\src\test\resources
2023-08-01 13:39:20,962 [Worker-37: Updating Maven Project] INFO  o.e.m.c.i.p.ProjectConfigurationManager - Update started
2023-08-01 13:39:21,073 [Worker-37: Updating Maven Project] INFO  o.e.m.c.i.l.LifecycleMappingFactory - Using org.eclipse.m2e.jdt.JarLifecycleMapping lifecycle mapping for MavenProject: com.med.vol:api:0.0.1-SNAPSHOT @ C:\Users\guilherme.martins\Downloads\api\api\pom.xml.
2023-08-01 13:39:21,362 [Worker-37: Updating Maven Project] INFO  o.e.m.j.i.AbstractJavaProjectConfigurator - Adding source folder /api/src/main/java
2023-08-01 13:39:21,362 [Worker-37: Updating Maven Project] INFO  o.e.m.j.i.AbstractJavaProjectConfigurator - Adding resource folder /api/src/main/resources
2023-08-01 13:39:21,363 [Worker-37: Updating Maven Project] INFO  o.e.m.j.i.AbstractJavaProjectConfigurator - Adding resource folder /api/src/main/resources
2023-08-01 13:39:21,363 [Worker-37: Updating Maven Project] INFO  o.e.m.j.i.AbstractJavaProjectConfigurator - Adding source folder /api/src/test/java
2023-08-01 13:39:21,584 [Worker-37: Updating Maven Project] INFO  o.e.m.c.i.p.ProjectConfigurationManager - Update completed for 1 poms: local refresh takes 0,00 sec, refresh facades takes 0,00 sec, update config takes 0,00 sec 
2023-08-03 11:10:16,736 [Worker-5: Loading available Gradle versions] INFO  o.e.b.c.i.u.g.PublishedGradleVersions - Gradle version information cache is up-to-date. Trying to read.
2023-08-03 11:22:12,248 [Worker-13: Update Maven projects configuration] INFO  o.e.m.c.i.p.ProjectConfigurationManager - Update started
2023-08-03 11:22:13,441 [Worker-13: Update Maven projects configuration] INFO  o.e.m.c.i.l.LifecycleMappingFactory - Using org.eclipse.m2e.jdt.JarLifecycleMapping lifecycle mapping for MavenProject: com.guilherme:api:0.0.1-SNAPSHOT @ C:\Users\guilherme.martins\Downloads\api\api\pom.xml.
2023-08-03 11:22:14,232 [Worker-13: Update Maven projects configuration] INFO  o.e.m.j.i.AbstractJavaProjectConfigurator - Adding source folder /api/src/main/java
2023-08-03 11:22:14,233 [Worker-13: Update Maven projects configuration] INFO  o.e.m.j.i.AbstractJavaProjectConfigurator - Adding resource folder /api/src/main/resources
2023-08-03 11:22:14,515 [Worker-13: Update Maven projects configuration] INFO  o.e.m.j.i.AbstractJavaProjectConfigurator - Adding resource folder /api/src/main/resources
2023-08-03 11:22:14,551 [Worker-13: Update Maven projects configuration] INFO  o.e.m.j.i.AbstractJavaProjectConfigurator - Adding source folder /api/src/test/java
2023-08-03 11:22:17,606 [Worker-13: Update Maven projects configuration] INFO  o.e.m.c.i.p.ProjectConfigurationManager - Update completed for 1 poms: local refresh takes 0,00 sec, refresh facades takes 1,00 sec, update config takes 3,00 sec 
2023-08-03 11:30:20,693 [Worker-22: Launching Executing install in C__Users_guilherme.martins_Downloads_api_api] INFO  o.eclipse.m2e.core.internal.Bundles - getClasspathEntries(Bundle=org.eclipse.m2e.maven.runtime_3.8.604.20221130-2149 [345])
2023-08-03 11:30:20,698 [Worker-22: Launching Executing install in C__Users_guilherme.martins_Downloads_api_api] INFO  o.eclipse.m2e.core.internal.Bundles - 	Entry: C:\Program Files\sts-4.17.2.RELEASE\plugins\org.eclipse.m2e.maven.runtime_3.8.604.20221130-2149
2023-08-03 11:30:20,698 [Worker-22: Launching Executing install in C__Users_guilherme.martins_Downloads_api_api] INFO  o.eclipse.m2e.core.internal.Bundles - 	Entry: C:\Program Files\sts-4.17.2.RELEASE\plugins\org.eclipse.m2e.maven.runtime_3.8.604.20221130-2149\jars\aether-connector-okhttp-0.17.8.jar
2023-08-03 11:30:20,698 [Worker-22: Launching Executing install in C__Users_guilherme.martins_Downloads_api_api] INFO  o.eclipse.m2e.core.internal.Bundles - 	Entry: C:\Program Files\sts-4.17.2.RELEASE\plugins\org.eclipse.m2e.maven.runtime_3.8.604.20221130-2149\jars\commons-cli-1.4.jar
2023-08-03 11:30:20,698 [Worker-22: Launching Executing install in C__Users_guilherme.martins_Downloads_api_api] INFO  o.eclipse.m2e.core.internal.Bundles - 	Entry: C:\Program Files\sts-4.17.2.RELEASE\plugins\org.eclipse.m2e.maven.runtime_3.8.604.20221130-2149\jars\commons-io-2.6.jar
2023-08-03 11:30:20,698 [Worker-22: Launching Executing install in C__Users_guilherme.martins_Downloads_api_api] INFO  o.eclipse.m2e.core.internal.Bundles - 	Entry: C:\Program Files\sts-4.17.2.RELEASE\plugins\org.eclipse.m2e.maven.runtime_3.8.604.20221130-2149\jars\commons-lang3-3.8.1.jar
2023-08-03 11:30:20,698 [Worker-22: Launching Executing install in C__Users_guilherme.martins_Downloads_api_api] INFO  o.eclipse.m2e.core.internal.Bundles - 	Entry: C:\Program Files\sts-4.17.2.RELEASE\plugins\org.eclipse.m2e.maven.runtime_3.8.604.20221130-2149\jars\guice-4.2.2-no_aop.jar
2023-08-03 11:30:20,698 [Worker-22: Launching Executing install in C__Users_guilherme.martins_Downloads_api_api] INFO  o.eclipse.m2e.core.internal.Bundles - 	Entry: C:\Program Files\sts-4.17.2.RELEASE\plugins\org.eclipse.m2e.maven.runtime_3.8.604.20221130-2149\jars\jansi-2.4.0.jar
2023-08-03 11:30:20,699 [Worker-22: Launching Executing install in C__Users_guilherme.martins_Downloads_api_api] INFO  o.eclipse.m2e.core.internal.Bundles - 	Entry: C:\Program Files\sts-4.17.2.RELEASE\plugins\org.eclipse.m2e.maven.runtime_3.8.604.20221130-2149\jars\maven-artifact-3.8.6.jar
2023-08-03 11:30:20,699 [Worker-22: Launching Executing install in C__Users_guilherme.martins_Downloads_api_api] INFO  o.eclipse.m2e.core.internal.Bundles - 	Entry: C:\Program Files\sts-4.17.2.RELEASE\plugins\org.eclipse.m2e.maven.runtime_3.8.604.20221130-2149\jars\maven-builder-support-3.8.6.jar
2023-08-03 11:30:20,699 [Worker-22: Launching Executing install in C__Users_guilherme.martins_Downloads_api_api] INFO  o.eclipse.m2e.core.internal.Bundles - 	Entry: C:\Program Files\sts-4.17.2.RELEASE\plugins\org.eclipse.m2e.maven.runtime_3.8.604.20221130-2149\jars\maven-compat-3.8.6.jar
2023-08-03 11:30:20,699 [Worker-22: Launching Executing install in C__Users_guilherme.martins_Downloads_api_api] INFO  o.eclipse.m2e.core.internal.Bundles - 	Entry: C:\Program Files\sts-4.17.2.RELEASE\plugins\org.eclipse.m2e.maven.runtime_3.8.604.20221130-2149\jars\maven-core-3.8.6.jar
2023-08-03 11:30:20,699 [Worker-22: Launching Executing install in C__Users_guilherme.martins_Downloads_api_api] INFO  o.eclipse.m2e.core.internal.Bundles - 	Entry: C:\Program Files\sts-4.17.2.RELEASE\plugins\org.eclipse.m2e.maven.runtime_3.8.604.20221130-2149\jars\maven-embedder-3.8.6.jar
2023-08-03 11:30:20,699 [Worker-22: Launching Executing install in C__Users_guilherme.martins_Downloads_api_api] INFO  o.eclipse.m2e.core.internal.Bundles - 	Entry: C:\Program Files\sts-4.17.2.RELEASE\plugins\org.eclipse.m2e.maven.runtime_3.8.604.20221130-2149\jars\maven-model-3.8.6.jar
2023-08-03 11:30:20,699 [Worker-22: Launching Executing install in C__Users_guilherme.martins_Downloads_api_api] INFO  o.eclipse.m2e.core.internal.Bundles - 	Entry: C:\Program Files\sts-4.17.2.RELEASE\plugins\org.eclipse.m2e.maven.runtime_3.8.604.20221130-2149\jars\maven-model-builder-3.8.6.jar
2023-08-03 11:30:20,699 [Worker-22: Launching Executing install in C__Users_guilherme.martins_Downloads_api_api] INFO  o.eclipse.m2e.core.internal.Bundles - 	Entry: C:\Program Files\sts-4.17.2.RELEASE\plugins\org.eclipse.m2e.maven.runtime_3.8.604.20221130-2149\jars\maven-plugin-api-3.8.6.jar
2023-08-03 11:30:20,699 [Worker-22: Launching Executing install in C__Users_guilherme.martins_Downloads_api_api] INFO  o.eclipse.m2e.core.internal.Bundles - 	Entry: C:\Program Files\sts-4.17.2.RELEASE\plugins\org.eclipse.m2e.maven.runtime_3.8.604.20221130-2149\jars\maven-repository-metadata-3.8.6.jar
2023-08-03 11:30:20,699 [Worker-22: Launching Executing install in C__Users_guilherme.martins_Downloads_api_api] INFO  o.eclipse.m2e.core.internal.Bundles - 	Entry: C:\Program Files\sts-4.17.2.RELEASE\plugins\org.eclipse.m2e.maven.runtime_3.8.604.20221130-2149\jars\maven-resolver-api-1.6.3.jar
2023-08-03 11:30:20,700 [Worker-22: Launching Executing install in C__Users_guilherme.martins_Downloads_api_api] INFO  o.eclipse.m2e.core.internal.Bundles - 	Entry: C:\Program Files\sts-4.17.2.RELEASE\plugins\org.eclipse.m2e.maven.runtime_3.8.604.20221130-2149\jars\maven-resolver-connector-basic-1.6.3.jar
2023-08-03 11:30:20,700 [Worker-22: Launching Executing install in C__Users_guilherme.martins_Downloads_api_api] INFO  o.eclipse.m2e.core.internal.Bundles - 	Entry: C:\Program Files\sts-4.17.2.RELEASE\plugins\org.eclipse.m2e.maven.runtime_3.8.604.20221130-2149\jars\maven-resolver-impl-1.6.3.jar
2023-08-03 11:30:20,700 [Worker-22: Launching Executing install in C__Users_guilherme.martins_Downloads_api_api] INFO  o.eclipse.m2e.core.internal.Bundles - 	Entry: C:\Program Files\sts-4.17.2.RELEASE\plugins\org.eclipse.m2e.maven.runtime_3.8.604.20221130-2149\jars\maven-resolver-provider-3.8.6.jar
2023-08-03 11:30:20,700 [Worker-22: Launching Executing install in C__Users_guilherme.martins_Downloads_api_api] INFO  o.eclipse.m2e.core.internal.Bundles - 	Entry: C:\Program Files\sts-4.17.2.RELEASE\plugins\org.eclipse.m2e.maven.runtime_3.8.604.20221130-2149\jars\maven-resolver-spi-1.6.3.jar
2023-08-03 11:30:20,700 [Worker-22: Launching Executing install in C__Users_guilherme.martins_Downloads_api_api] INFO  o.eclipse.m2e.core.internal.Bundles - 	Entry: C:\Program Files\sts-4.17.2.RELEASE\plugins\org.eclipse.m2e.maven.runtime_3.8.604.20221130-2149\jars\maven-resolver-transport-wagon-1.6.3.jar
2023-08-03 11:30:20,700 [Worker-22: Launching Executing install in C__Users_guilherme.martins_Downloads_api_api] INFO  o.eclipse.m2e.core.internal.Bundles - 	Entry: C:\Program Files\sts-4.17.2.RELEASE\plugins\org.eclipse.m2e.maven.runtime_3.8.604.20221130-2149\jars\maven-resolver-util-1.6.3.jar
2023-08-03 11:30:20,700 [Worker-22: Launching Executing install in C__Users_guilherme.martins_Downloads_api_api] INFO  o.eclipse.m2e.core.internal.Bundles - 	Entry: C:\Program Files\sts-4.17.2.RELEASE\plugins\org.eclipse.m2e.maven.runtime_3.8.604.20221130-2149\jars\maven-settings-3.8.6.jar
2023-08-03 11:30:20,700 [Worker-22: Launching Executing install in C__Users_guilherme.martins_Downloads_api_api] INFO  o.eclipse.m2e.core.internal.Bundles - 	Entry: C:\Program Files\sts-4.17.2.RELEASE\plugins\org.eclipse.m2e.maven.runtime_3.8.604.20221130-2149\jars\maven-settings-builder-3.8.6.jar
2023-08-03 11:30:20,700 [Worker-22: Launching Executing install in C__Users_guilherme.martins_Downloads_api_api] INFO  o.eclipse.m2e.core.internal.Bundles - 	Entry: C:\Program Files\sts-4.17.2.RELEASE\plugins\org.eclipse.m2e.maven.runtime_3.8.604.20221130-2149\jars\maven-shared-utils-3.3.4.jar
2023-08-03 11:30:20,700 [Worker-22: Launching Executing install in C__Users_guilherme.martins_Downloads_api_api] INFO  o.eclipse.m2e.core.internal.Bundles - 	Entry: C:\Program Files\sts-4.17.2.RELEASE\plugins\org.eclipse.m2e.maven.runtime_3.8.604.20221130-2149\jars\okhttp-3.14.1.jar
2023-08-03 11:30:20,701 [Worker-22: Launching Executing install in C__Users_guilherme.martins_Downloads_api_api] INFO  o.eclipse.m2e.core.internal.Bundles - 	Entry: C:\Program Files\sts-4.17.2.RELEASE\plugins\org.eclipse.m2e.maven.runtime_3.8.604.20221130-2149\jars\okio-1.17.3.jar
2023-08-03 11:30:20,701 [Worker-22: Launching Executing install in C__Users_guilherme.martins_Downloads_api_api] INFO  o.eclipse.m2e.core.internal.Bundles - 	Entry: C:\Program Files\sts-4.17.2.RELEASE\plugins\org.eclipse.m2e.maven.runtime_3.8.604.20221130-2149\jars\org.eclipse.sisu.inject-0.3.5.jar
2023-08-03 11:30:20,701 [Worker-22: Launching Executing install in C__Users_guilherme.martins_Downloads_api_api] INFO  o.eclipse.m2e.core.internal.Bundles - 	Entry: C:\Program Files\sts-4.17.2.RELEASE\plugins\org.eclipse.m2e.maven.runtime_3.8.604.20221130-2149\jars\org.eclipse.sisu.plexus-0.3.5.jar
2023-08-03 11:30:20,701 [Worker-22: Launching Executing install in C__Users_guilherme.martins_Downloads_api_api] INFO  o.eclipse.m2e.core.internal.Bundles - 	Entry: C:\Program Files\sts-4.17.2.RELEASE\plugins\org.eclipse.m2e.maven.runtime_3.8.604.20221130-2149\jars\plexus-build-api-0.0.7.jar
2023-08-03 11:30:20,701 [Worker-22: Launching Executing install in C__Users_guilherme.martins_Downloads_api_api] INFO  o.eclipse.m2e.core.internal.Bundles - 	Entry: C:\Program Files\sts-4.17.2.RELEASE\plugins\org.eclipse.m2e.maven.runtime_3.8.604.20221130-2149\jars\plexus-cipher-2.0.jar
2023-08-03 11:30:20,701 [Worker-22: Launching Executing install in C__Users_guilherme.martins_Downloads_api_api] INFO  o.eclipse.m2e.core.internal.Bundles - 	Entry: C:\Program Files\sts-4.17.2.RELEASE\plugins\org.eclipse.m2e.maven.runtime_3.8.604.20221130-2149\jars\plexus-classworlds-2.6.0.jar
2023-08-03 11:30:20,701 [Worker-22: Launching Executing install in C__Users_guilherme.martins_Downloads_api_api] INFO  o.eclipse.m2e.core.internal.Bundles - 	Entry: C:\Program Files\sts-4.17.2.RELEASE\plugins\org.eclipse.m2e.maven.runtime_3.8.604.20221130-2149\jars\plexus-component-annotations-2.1.0.jar
2023-08-03 11:30:20,701 [Worker-22: Launching Executing install in C__Users_guilherme.martins_Downloads_api_api] INFO  o.eclipse.m2e.core.internal.Bundles - 	Entry: C:\Program Files\sts-4.17.2.RELEASE\plugins\org.eclipse.m2e.maven.runtime_3.8.604.20221130-2149\jars\plexus-interpolation-1.26.jar
2023-08-03 11:30:20,702 [Worker-22: Launching Executing install in C__Users_guilherme.martins_Downloads_api_api] INFO  o.eclipse.m2e.core.internal.Bundles - 	Entry: C:\Program Files\sts-4.17.2.RELEASE\plugins\org.eclipse.m2e.maven.runtime_3.8.604.20221130-2149\jars\plexus-sec-dispatcher-2.0.jar
2023-08-03 11:30:20,702 [Worker-22: Launching Executing install in C__Users_guilherme.martins_Downloads_api_api] INFO  o.eclipse.m2e.core.internal.Bundles - 	Entry: C:\Program Files\sts-4.17.2.RELEASE\plugins\org.eclipse.m2e.maven.runtime_3.8.604.20221130-2149\jars\plexus-utils-3.3.1.jar
2023-08-03 11:30:20,702 [Worker-22: Launching Executing install in C__Users_guilherme.martins_Downloads_api_api] INFO  o.eclipse.m2e.core.internal.Bundles - 	Entry: C:\Program Files\sts-4.17.2.RELEASE\plugins\org.eclipse.m2e.maven.runtime_3.8.604.20221130-2149\jars\wagon-file-3.5.1.jar
2023-08-03 11:30:20,702 [Worker-22: Launching Executing install in C__Users_guilherme.martins_Downloads_api_api] INFO  o.eclipse.m2e.core.internal.Bundles - 	Entry: C:\Program Files\sts-4.17.2.RELEASE\plugins\org.eclipse.m2e.maven.runtime_3.8.604.20221130-2149\jars\wagon-provider-api-3.5.1.jar
2023-08-03 11:30:20,703 [Worker-22: Launching Executing install in C__Users_guilherme.martins_Downloads_api_api] INFO  o.eclipse.m2e.core.internal.Bundles - getClasspathEntries(Bundle=com.google.guava_30.1.0.v20221112-0806 [22])
2023-08-03 11:30:20,705 [Worker-22: Launching Executing install in C__Users_guilherme.martins_Downloads_api_api] INFO  o.eclipse.m2e.core.internal.Bundles - 	Entry: C:\Program Files\sts-4.17.2.RELEASE\plugins\com.google.guava_30.1.0.v20221112-0806.jar
2023-08-03 11:30:20,705 [Worker-22: Launching Executing install in C__Users_guilherme.martins_Downloads_api_api] INFO  o.eclipse.m2e.core.internal.Bundles - getClasspathEntries(Bundle=slf4j.api_1.7.36 [584])
2023-08-03 11:30:20,705 [Worker-22: Launching Executing install in C__Users_guilherme.martins_Downloads_api_api] INFO  o.eclipse.m2e.core.internal.Bundles - 	Entry: C:\Program Files\sts-4.17.2.RELEASE\plugins\slf4j.api_1.7.36.jar
2023-08-03 11:30:20,705 [Worker-22: Launching Executing install in C__Users_guilherme.martins_Downloads_api_api] INFO  o.eclipse.m2e.core.internal.Bundles - getClasspathEntries(Bundle=javax.inject_1.0.0.v20220405-0441 [49])
2023-08-03 11:30:20,706 [Worker-22: Launching Executing install in C__Users_guilherme.martins_Downloads_api_api] INFO  o.eclipse.m2e.core.internal.Bundles - 	Entry: C:\Program Files\sts-4.17.2.RELEASE\plugins\javax.inject_1.0.0.v20220405-0441.jar
2023-08-03 11:30:20,706 [Worker-22: Launching Executing install in C__Users_guilherme.martins_Downloads_api_api] INFO  o.eclipse.m2e.core.internal.Bundles - getClasspathEntries(Bundle=javax.annotation_1.3.5.v20221112-0806 [47])
2023-08-03 11:30:20,706 [Worker-22: Launching Executing install in C__Users_guilherme.martins_Downloads_api_api] INFO  o.eclipse.m2e.core.internal.Bundles - 	Entry: C:\Program Files\sts-4.17.2.RELEASE\plugins\javax.annotation_1.3.5.v20221112-0806.jar
2023-08-03 11:30:20,711 [Worker-22: Launching Executing install in C__Users_guilherme.martins_Downloads_api_api] INFO  o.e.m.i.launch.MavenLaunchDelegate - Run build in "C:\Users\guilherme.martins\Downloads\api\api":
2023-08-03 11:30:20,712 [Worker-22: Launching Executing install in C__Users_guilherme.martins_Downloads_api_api] INFO  o.e.m.i.launch.MavenLaunchDelegate -  mvn  -B -Dstyle.color=always install
2023-08-03 11:49:55,920 [Worker-44: Building] INFO  o.e.m.c.i.l.LifecycleMappingFactory - Using org.eclipse.m2e.jdt.JarLifecycleMapping lifecycle mapping for MavenProject: com.guilherme:api:0.0.1-SNAPSHOT @ C:\Users\guilherme.martins\Downloads\api\api\pom.xml.
2023-08-03 11:49:56,400 [Worker-44: Building] INFO  o.a.m.s.f.DefaultMavenResourcesFiltering - Copying 0 resource from src\main\resources to target\classes
2023-08-03 11:49:56,400 [Worker-44: Building] INFO  o.a.m.s.f.DefaultMavenResourcesFiltering - Copying 0 resource from src\main\resources to target\classes
2023-08-03 11:49:56,402 [Worker-44: Building] INFO  o.a.m.s.f.DefaultMavenResourcesFiltering - skip non existing resourceDirectory C:\Users\guilherme.martins\Downloads\api\api\src\test\resources
2023-08-03 11:49:57,709 [Worker-44: Building] INFO  o.a.m.s.f.DefaultMavenResourcesFiltering - Copying 1 resource from src\main\resources to target\classes
2023-08-03 11:49:57,733 [Worker-44: Building] INFO  o.a.m.s.f.DefaultMavenResourcesFiltering - Copying 0 resource from src\main\resources to target\classes
2023-08-03 11:49:57,737 [Worker-44: Building] INFO  o.a.m.s.f.DefaultMavenResourcesFiltering - skip non existing resourceDirectory C:\Users\guilherme.martins\Downloads\api\api\src\test\resources
2023-08-03 11:50:06,047 [Worker-46: Updating Maven Project] INFO  o.e.m.c.i.p.ProjectConfigurationManager - Update started
2023-08-03 11:50:06,192 [Worker-46: Updating Maven Project] INFO  o.e.m.c.i.l.LifecycleMappingFactory - Using org.eclipse.m2e.jdt.JarLifecycleMapping lifecycle mapping for MavenProject: com.guilherme:api:0.0.1-SNAPSHOT @ C:\Users\guilherme.martins\Downloads\api\api\pom.xml.
2023-08-03 11:50:06,485 [Worker-46: Updating Maven Project] INFO  o.e.m.j.i.AbstractJavaProjectConfigurator - Adding source folder /api/src/main/java
2023-08-03 11:50:06,485 [Worker-46: Updating Maven Project] INFO  o.e.m.j.i.AbstractJavaProjectConfigurator - Adding resource folder /api/src/main/resources
2023-08-03 11:50:06,485 [Worker-46: Updating Maven Project] INFO  o.e.m.j.i.AbstractJavaProjectConfigurator - Adding resource folder /api/src/main/resources
2023-08-03 11:50:06,486 [Worker-46: Updating Maven Project] INFO  o.e.m.j.i.AbstractJavaProjectConfigurator - Adding source folder /api/src/test/java
2023-08-03 11:50:06,757 [Worker-46: Updating Maven Project] INFO  o.e.m.c.i.p.ProjectConfigurationManager - Update completed for 1 poms: local refresh takes 0,00 sec, refresh facades takes 0,00 sec, update config takes 0,00 sec 
2023-08-03 13:19:39,058 [Worker-4: Loading available Gradle versions] INFO  o.e.b.c.i.u.g.PublishedGradleVersions - Gradle version information cache is out-of-date. Trying to update.
2023-08-03 13:19:43,053 [Worker-1: Building] INFO  o.a.m.s.f.DefaultMavenResourcesFiltering - Copying 1 resource from src\main\resources to target\classes
2023-08-03 13:19:43,079 [Worker-1: Building] INFO  o.a.m.s.f.DefaultMavenResourcesFiltering - Copying 0 resource from src\main\resources to target\classes
2023-08-03 13:19:43,085 [Worker-1: Building] INFO  o.a.m.s.f.DefaultMavenResourcesFiltering - skip non existing resourceDirectory C:\Users\guilherme.martins\Downloads\api\api\src\test\resources
2023-08-03 13:35:57,315 [Worker-14: Building] INFO  o.e.m.c.i.l.LifecycleMappingFactory - Using org.eclipse.m2e.jdt.JarLifecycleMapping lifecycle mapping for MavenProject: com.guilherme:api:0.0.1-SNAPSHOT @ C:\Users\guilherme.martins\Downloads\api\api\pom.xml.
2023-08-03 13:35:57,790 [Worker-14: Building] INFO  o.a.m.s.f.DefaultMavenResourcesFiltering - Copying 0 resource from src\main\resources to target\classes
2023-08-03 13:35:57,790 [Worker-14: Building] INFO  o.a.m.s.f.DefaultMavenResourcesFiltering - Copying 0 resource from src\main\resources to target\classes
2023-08-03 13:35:57,795 [Worker-14: Building] INFO  o.a.m.s.f.DefaultMavenResourcesFiltering - skip non existing resourceDirectory C:\Users\guilherme.martins\Downloads\api\api\src\test\resources
2023-08-03 13:35:59,035 [Worker-3: Building] INFO  o.a.m.s.f.DefaultMavenResourcesFiltering - Copying 1 resource from src\main\resources to target\classes
2023-08-03 13:35:59,052 [Worker-3: Building] INFO  o.a.m.s.f.DefaultMavenResourcesFiltering - Copying 0 resource from src\main\resources to target\classes
2023-08-03 13:35:59,055 [Worker-3: Building] INFO  o.a.m.s.f.DefaultMavenResourcesFiltering - skip non existing resourceDirectory C:\Users\guilherme.martins\Downloads\api\api\src\test\resources
2023-08-03 13:36:07,949 [Worker-3: Updating Maven Project] INFO  o.e.m.c.i.p.ProjectConfigurationManager - Update started
2023-08-03 13:36:08,113 [Worker-3: Updating Maven Project] INFO  o.e.m.c.i.l.LifecycleMappingFactory - Using org.eclipse.m2e.jdt.JarLifecycleMapping lifecycle mapping for MavenProject: com.guilherme:api:0.0.1-SNAPSHOT @ C:\Users\guilherme.martins\Downloads\api\api\pom.xml.
2023-08-03 13:36:08,470 [Worker-3: Updating Maven Project] INFO  o.e.m.j.i.AbstractJavaProjectConfigurator - Adding source folder /api/src/main/java
2023-08-03 13:36:08,470 [Worker-3: Updating Maven Project] INFO  o.e.m.j.i.AbstractJavaProjectConfigurator - Adding resource folder /api/src/main/resources
2023-08-03 13:36:08,470 [Worker-3: Updating Maven Project] INFO  o.e.m.j.i.AbstractJavaProjectConfigurator - Adding resource folder /api/src/main/resources
2023-08-03 13:36:08,471 [Worker-3: Updating Maven Project] INFO  o.e.m.j.i.AbstractJavaProjectConfigurator - Adding source folder /api/src/test/java
2023-08-03 13:36:08,750 [Worker-3: Updating Maven Project] INFO  o.e.m.c.i.p.ProjectConfigurationManager - Update completed for 1 poms: local refresh takes 0,00 sec, refresh facades takes 0,00 sec, update config takes 0,00 sec 
2023-08-03 13:39:11,659 [Worker-20: Building] INFO  o.e.m.c.i.l.LifecycleMappingFactory - Using org.eclipse.m2e.jdt.JarLifecycleMapping lifecycle mapping for MavenProject: com.guilherme:api:0.0.1-SNAPSHOT @ C:\Users\guilherme.martins\Downloads\api\api\pom.xml.
2023-08-03 13:39:12,002 [Worker-20: Building] INFO  o.a.m.s.f.DefaultMavenResourcesFiltering - Copying 0 resource from src\main\resources to target\classes
2023-08-03 13:39:12,002 [Worker-20: Building] INFO  o.a.m.s.f.DefaultMavenResourcesFiltering - Copying 0 resource from src\main\resources to target\classes
2023-08-03 13:39:12,006 [Worker-20: Building] INFO  o.a.m.s.f.DefaultMavenResourcesFiltering - skip non existing resourceDirectory C:\Users\guilherme.martins\Downloads\api\api\src\test\resources
2023-08-03 13:39:13,425 [Worker-12: Building] INFO  o.a.m.s.f.DefaultMavenResourcesFiltering - Copying 1 resource from src\main\resources to target\classes
2023-08-03 13:39:13,451 [Worker-12: Building] INFO  o.a.m.s.f.DefaultMavenResourcesFiltering - Copying 0 resource from src\main\resources to target\classes
2023-08-03 13:39:13,453 [Worker-12: Building] INFO  o.a.m.s.f.DefaultMavenResourcesFiltering - skip non existing resourceDirectory C:\Users\guilherme.martins\Downloads\api\api\src\test\resources
2023-08-03 13:39:16,954 [Worker-16: Updating Maven Project] INFO  o.e.m.c.i.p.ProjectConfigurationManager - Update started
2023-08-03 13:39:17,076 [Worker-16: Updating Maven Project] INFO  o.e.m.c.i.l.LifecycleMappingFactory - Using org.eclipse.m2e.jdt.JarLifecycleMapping lifecycle mapping for MavenProject: com.guilherme:api:0.0.1-SNAPSHOT @ C:\Users\guilherme.martins\Downloads\api\api\pom.xml.
2023-08-03 13:39:17,317 [Worker-16: Updating Maven Project] INFO  o.e.m.j.i.AbstractJavaProjectConfigurator - Adding source folder /api/src/main/java
2023-08-03 13:39:17,317 [Worker-16: Updating Maven Project] INFO  o.e.m.j.i.AbstractJavaProjectConfigurator - Adding resource folder /api/src/main/resources
2023-08-03 13:39:17,317 [Worker-16: Updating Maven Project] INFO  o.e.m.j.i.AbstractJavaProjectConfigurator - Adding resource folder /api/src/main/resources
2023-08-03 13:39:17,318 [Worker-16: Updating Maven Project] INFO  o.e.m.j.i.AbstractJavaProjectConfigurator - Adding source folder /api/src/test/java
2023-08-03 13:39:17,556 [Worker-16: Updating Maven Project] INFO  o.e.m.c.i.p.ProjectConfigurationManager - Update completed for 1 poms: local refresh takes 0,00 sec, refresh facades takes 0,00 sec, update config takes 0,00 sec 
2023-08-03 15:42:42,262 [Worker-70: Building] INFO  o.e.m.c.i.l.LifecycleMappingFactory - Using org.eclipse.m2e.jdt.JarLifecycleMapping lifecycle mapping for MavenProject: com.guilherme:api:0.0.1-SNAPSHOT @ C:\Users\guilherme.martins\Downloads\api\api\pom.xml.
2023-08-03 15:42:42,669 [Worker-70: Building] INFO  o.e.m.c.i.embedder.EclipseLogger - Using 'UTF-8' encoding to copy filtered resources.
2023-08-03 15:42:42,670 [Worker-70: Building] INFO  o.e.m.c.i.embedder.EclipseLogger - Copying 0 resource
2023-08-03 15:42:42,670 [Worker-70: Building] INFO  o.e.m.c.i.embedder.EclipseLogger - Copying 0 resource
2023-08-03 15:42:42,674 [Worker-70: Building] INFO  o.e.m.c.i.embedder.EclipseLogger - Using 'UTF-8' encoding to copy filtered resources.
2023-08-03 15:42:42,674 [Worker-70: Building] INFO  o.e.m.c.i.embedder.EclipseLogger - skip non existing resourceDirectory C:\Users\guilherme.martins\Downloads\api\api\src\test\resources
2023-08-03 15:42:42,697 [Worker-64: Updating Maven Project] INFO  o.e.m.c.i.p.ProjectConfigurationManager - Update started
2023-08-03 15:42:42,826 [Worker-64: Updating Maven Project] INFO  o.e.m.c.i.l.LifecycleMappingFactory - Using org.eclipse.m2e.jdt.JarLifecycleMapping lifecycle mapping for MavenProject: com.guilherme:api:0.0.1-SNAPSHOT @ C:\Users\guilherme.martins\Downloads\api\api\pom.xml.
2023-08-03 15:42:43,186 [Worker-64: Updating Maven Project] INFO  o.e.m.j.i.AbstractJavaProjectConfigurator - Adding source folder /api/src/main/java
2023-08-03 15:42:43,186 [Worker-64: Updating Maven Project] INFO  o.e.m.j.i.AbstractJavaProjectConfigurator - Adding resource folder /api/src/main/resources
2023-08-03 15:42:43,187 [Worker-64: Updating Maven Project] INFO  o.e.m.j.i.AbstractJavaProjectConfigurator - Adding resource folder /api/src/main/resources
2023-08-03 15:42:43,187 [Worker-64: Updating Maven Project] INFO  o.e.m.j.i.AbstractJavaProjectConfigurator - Adding source folder /api/src/test/java
2023-08-03 15:42:43,428 [Worker-64: Updating Maven Project] INFO  o.e.m.c.i.p.ProjectConfigurationManager - Update completed for 1 poms: local refresh takes 0,00 sec, refresh facades takes 0,00 sec, update config takes 0,00 sec 
2023-08-03 15:42:46,036 [Worker-67: Updating Maven Project] INFO  o.e.m.c.i.p.ProjectConfigurationManager - Update started
2023-08-03 15:42:46,126 [Worker-67: Updating Maven Project] INFO  o.e.m.c.i.l.LifecycleMappingFactory - Using org.eclipse.m2e.jdt.JarLifecycleMapping lifecycle mapping for MavenProject: com.guilherme:api:0.0.1-SNAPSHOT @ C:\Users\guilherme.martins\Downloads\api\api\pom.xml.
2023-08-03 15:42:46,340 [Worker-67: Updating Maven Project] INFO  o.e.m.j.i.AbstractJavaProjectConfigurator - Adding source folder /api/src/main/java
2023-08-03 15:42:46,340 [Worker-67: Updating Maven Project] INFO  o.e.m.j.i.AbstractJavaProjectConfigurator - Adding resource folder /api/src/main/resources
2023-08-03 15:42:46,340 [Worker-67: Updating Maven Project] INFO  o.e.m.j.i.AbstractJavaProjectConfigurator - Adding resource folder /api/src/main/resources
2023-08-03 15:42:46,341 [Worker-67: Updating Maven Project] INFO  o.e.m.j.i.AbstractJavaProjectConfigurator - Adding source folder /api/src/test/java
2023-08-03 15:42:46,541 [Worker-67: Updating Maven Project] INFO  o.e.m.c.i.p.ProjectConfigurationManager - Update completed for 1 poms: local refresh takes 0,00 sec, refresh facades takes 0,00 sec, update config takes 0,00 sec 
2023-08-03 15:48:33,501 [Worker-73: Building] INFO  o.e.m.c.i.l.LifecycleMappingFactory - Using org.eclipse.m2e.jdt.JarLifecycleMapping lifecycle mapping for MavenProject: com.guilherme:api:0.0.1-SNAPSHOT @ C:\Users\guilherme.martins\Downloads\api\api\pom.xml.
2023-08-03 15:48:33,776 [Worker-73: Building] INFO  o.e.m.c.i.embedder.EclipseLogger - Using 'UTF-8' encoding to copy filtered resources.
2023-08-03 15:48:33,778 [Worker-73: Building] INFO  o.e.m.c.i.embedder.EclipseLogger - Copying 0 resource
2023-08-03 15:48:33,778 [Worker-73: Building] INFO  o.e.m.c.i.embedder.EclipseLogger - Copying 0 resource
2023-08-03 15:48:33,782 [Worker-73: Building] INFO  o.e.m.c.i.embedder.EclipseLogger - Using 'UTF-8' encoding to copy filtered resources.
2023-08-03 15:48:33,782 [Worker-73: Building] INFO  o.e.m.c.i.embedder.EclipseLogger - skip non existing resourceDirectory C:\Users\guilherme.martins\Downloads\api\api\src\test\resources
2023-08-03 15:48:34,988 [Worker-87: Building] INFO  o.e.m.c.i.embedder.EclipseLogger - Using 'UTF-8' encoding to copy filtered resources.
2023-08-03 15:48:34,988 [Worker-87: Building] INFO  o.e.m.c.i.embedder.EclipseLogger - Copying 1 resource
2023-08-03 15:48:34,999 [Worker-87: Building] INFO  o.e.m.c.i.embedder.EclipseLogger - Copying 0 resource
2023-08-03 15:48:35,002 [Worker-87: Building] INFO  o.e.m.c.i.embedder.EclipseLogger - Using 'UTF-8' encoding to copy filtered resources.
2023-08-03 15:48:35,002 [Worker-87: Building] INFO  o.e.m.c.i.embedder.EclipseLogger - skip non existing resourceDirectory C:\Users\guilherme.martins\Downloads\api\api\src\test\resources
2023-08-03 15:48:38,211 [Worker-84: Updating Maven Project] INFO  o.e.m.c.i.p.ProjectConfigurationManager - Update started
2023-08-03 15:48:38,306 [Worker-84: Updating Maven Project] INFO  o.e.m.c.i.l.LifecycleMappingFactory - Using org.eclipse.m2e.jdt.JarLifecycleMapping lifecycle mapping for MavenProject: com.guilherme:api:0.0.1-SNAPSHOT @ C:\Users\guilherme.martins\Downloads\api\api\pom.xml.
2023-08-03 15:48:38,519 [Worker-84: Updating Maven Project] INFO  o.e.m.j.i.AbstractJavaProjectConfigurator - Adding source folder /api/src/main/java
2023-08-03 15:48:38,521 [Worker-84: Updating Maven Project] INFO  o.e.m.j.i.AbstractJavaProjectConfigurator - Adding resource folder /api/src/main/resources
2023-08-03 15:48:38,521 [Worker-84: Updating Maven Project] INFO  o.e.m.j.i.AbstractJavaProjectConfigurator - Adding resource folder /api/src/main/resources
2023-08-03 15:48:38,521 [Worker-84: Updating Maven Project] INFO  o.e.m.j.i.AbstractJavaProjectConfigurator - Adding source folder /api/src/test/java
2023-08-03 15:48:38,731 [Worker-84: Updating Maven Project] INFO  o.e.m.c.i.p.ProjectConfigurationManager - Update completed for 1 poms: local refresh takes 0,00 sec, refresh facades takes 0,00 sec, update config takes 0,00 sec 
2023-08-03 15:50:41,959 [Worker-90: Building] INFO  o.e.m.c.i.l.LifecycleMappingFactory - Using org.eclipse.m2e.jdt.JarLifecycleMapping lifecycle mapping for MavenProject: com.guilherme:api:0.0.1-SNAPSHOT @ C:\Users\guilherme.martins\Downloads\api\api\pom.xml.
2023-08-03 15:50:42,249 [Worker-90: Building] INFO  o.e.m.c.i.embedder.EclipseLogger - Using 'UTF-8' encoding to copy filtered resources.
2023-08-03 15:50:42,252 [Worker-90: Building] INFO  o.e.m.c.i.embedder.EclipseLogger - Copying 0 resource
2023-08-03 15:50:42,252 [Worker-90: Building] INFO  o.e.m.c.i.embedder.EclipseLogger - Copying 0 resource
2023-08-03 15:50:42,254 [Worker-90: Building] INFO  o.e.m.c.i.embedder.EclipseLogger - Using 'UTF-8' encoding to copy filtered resources.
2023-08-03 15:50:42,255 [Worker-90: Building] INFO  o.e.m.c.i.embedder.EclipseLogger - skip non existing resourceDirectory C:\Users\guilherme.martins\Downloads\api\api\src\test\resources
2023-08-03 15:50:43,438 [Worker-84: Building] INFO  o.e.m.c.i.embedder.EclipseLogger - Using 'UTF-8' encoding to copy filtered resources.
2023-08-03 15:50:43,438 [Worker-84: Building] INFO  o.e.m.c.i.embedder.EclipseLogger - Copying 1 resource
2023-08-03 15:50:43,467 [Worker-84: Building] INFO  o.e.m.c.i.embedder.EclipseLogger - Copying 0 resource
2023-08-03 15:50:43,471 [Worker-84: Building] INFO  o.e.m.c.i.embedder.EclipseLogger - Using 'UTF-8' encoding to copy filtered resources.
2023-08-03 15:50:43,472 [Worker-84: Building] INFO  o.e.m.c.i.embedder.EclipseLogger - skip non existing resourceDirectory C:\Users\guilherme.martins\Downloads\api\api\src\test\resources
2023-08-03 15:50:47,571 [Worker-86: Updating Maven Project] INFO  o.e.m.c.i.p.ProjectConfigurationManager - Update started
2023-08-03 15:50:47,662 [Worker-86: Updating Maven Project] INFO  o.e.m.c.i.l.LifecycleMappingFactory - Using org.eclipse.m2e.jdt.JarLifecycleMapping lifecycle mapping for MavenProject: com.guilherme:api:0.0.1-SNAPSHOT @ C:\Users\guilherme.martins\Downloads\api\api\pom.xml.
2023-08-03 15:50:47,894 [Worker-86: Updating Maven Project] INFO  o.e.m.j.i.AbstractJavaProjectConfigurator - Adding source folder /api/src/main/java
2023-08-03 15:50:47,894 [Worker-86: Updating Maven Project] INFO  o.e.m.j.i.AbstractJavaProjectConfigurator - Adding resource folder /api/src/main/resources
2023-08-03 15:50:47,894 [Worker-86: Updating Maven Project] INFO  o.e.m.j.i.AbstractJavaProjectConfigurator - Adding resource folder /api/src/main/resources
2023-08-03 15:50:47,894 [Worker-86: Updating Maven Project] INFO  o.e.m.j.i.AbstractJavaProjectConfigurator - Adding source folder /api/src/test/java
2023-08-03 15:50:48,124 [Worker-86: Updating Maven Project] INFO  o.e.m.c.i.p.ProjectConfigurationManager - Update completed for 1 poms: local refresh takes 0,00 sec, refresh facades takes 0,00 sec, update config takes 0,00 sec 
2023-08-04 11:46:30,887 [Worker-4: Loading available Gradle versions] INFO  o.e.b.c.i.u.g.PublishedGradleVersions - Gradle version information cache is up-to-date. Trying to read.
2023-08-04 11:47:40,680 [Worker-8: Building] INFO  o.e.m.c.i.embedder.EclipseLogger - Using 'UTF-8' encoding to copy filtered resources.
2023-08-04 11:47:40,685 [Worker-8: Building] INFO  o.e.m.c.i.embedder.EclipseLogger - Copying 1 resource
2023-08-04 11:47:40,701 [Worker-8: Building] INFO  o.e.m.c.i.embedder.EclipseLogger - Copying 1 resource
2023-08-04 11:47:40,709 [Worker-8: Building] INFO  o.e.m.c.i.embedder.EclipseLogger - Using 'UTF-8' encoding to copy filtered resources.
2023-08-04 11:47:40,709 [Worker-8: Building] INFO  o.e.m.c.i.embedder.EclipseLogger - skip non existing resourceDirectory C:\Users\guilherme.martins\Downloads\api\api\src\test\resources
2023-08-04 12:00:01,190 [Worker-6: Building] INFO  o.e.m.c.i.l.LifecycleMappingFactory - Using org.eclipse.m2e.jdt.JarLifecycleMapping lifecycle mapping for MavenProject: com.guilherme:api:0.0.1-SNAPSHOT @ C:\Users\guilherme.martins\Downloads\api\api\pom.xml.
2023-08-04 12:00:01,967 [Worker-6: Building] INFO  o.e.m.c.i.embedder.EclipseLogger - Using 'UTF-8' encoding to copy filtered resources.
2023-08-04 12:00:01,975 [Worker-6: Building] INFO  o.e.m.c.i.embedder.EclipseLogger - Copying 0 resource
2023-08-04 12:00:01,975 [Worker-6: Building] INFO  o.e.m.c.i.embedder.EclipseLogger - Copying 0 resource
2023-08-04 12:00:01,979 [Worker-6: Building] INFO  o.e.m.c.i.embedder.EclipseLogger - Using 'UTF-8' encoding to copy filtered resources.
2023-08-04 12:00:01,979 [Worker-6: Building] INFO  o.e.m.c.i.embedder.EclipseLogger - skip non existing resourceDirectory C:\Users\guilherme.martins\Downloads\api\api\src\test\resources
2023-08-04 12:00:03,460 [Worker-8: Building] INFO  o.e.m.c.i.embedder.EclipseLogger - Using 'UTF-8' encoding to copy filtered resources.
2023-08-04 12:00:03,483 [Worker-8: Building] INFO  o.e.m.c.i.embedder.EclipseLogger - Copying 1 resource
2023-08-04 12:00:03,517 [Worker-8: Building] INFO  o.e.m.c.i.embedder.EclipseLogger - Copying 1 resource
2023-08-04 12:00:03,530 [Worker-8: Building] INFO  o.e.m.c.i.embedder.EclipseLogger - Using 'UTF-8' encoding to copy filtered resources.
2023-08-04 12:00:03,530 [Worker-8: Building] INFO  o.e.m.c.i.embedder.EclipseLogger - skip non existing resourceDirectory C:\Users\guilherme.martins\Downloads\api\api\src\test\resources
2023-08-04 12:00:05,623 [Worker-15: Updating Maven Project] INFO  o.e.m.c.i.p.ProjectConfigurationManager - Update started
2023-08-04 12:00:05,843 [Worker-15: Updating Maven Project] INFO  o.e.m.c.i.l.LifecycleMappingFactory - Using org.eclipse.m2e.jdt.JarLifecycleMapping lifecycle mapping for MavenProject: com.guilherme:api:0.0.1-SNAPSHOT @ C:\Users\guilherme.martins\Downloads\api\api\pom.xml.
2023-08-04 12:00:06,391 [Worker-15: Updating Maven Project] INFO  o.e.m.j.i.AbstractJavaProjectConfigurator - Adding source folder /api/src/main/java
2023-08-04 12:00:06,392 [Worker-15: Updating Maven Project] INFO  o.e.m.j.i.AbstractJavaProjectConfigurator - Adding resource folder /api/src/main/resources
2023-08-04 12:00:06,392 [Worker-15: Updating Maven Project] INFO  o.e.m.j.i.AbstractJavaProjectConfigurator - Adding resource folder /api/src/main/resources
2023-08-04 12:00:06,393 [Worker-15: Updating Maven Project] INFO  o.e.m.j.i.AbstractJavaProjectConfigurator - Adding source folder /api/src/test/java
